         w __deregister_frame_info
         w __register_frame_info
         w __syscall_lock_close_recursive
         w userAppExit
         w userAppInit
00000000 00000802 B __ctru_dev_utf16_buf
00000000 b _TLS_MODULE_BASE_
00000000 a shift
00000000 a shift
00000804 00000401 B __ctru_dev_path_buf
00100000 A __start__
00100000 T _start
00100008 T __service_ptr
0010000c T __apt_appid
00100010 T __heap_size
00100014 T __linear_heap_size
00100018 T __system_arglist
0010001c T __system_runflags
00100020 t startup
00100058 t ClearMem
0010006c t ClrLoop
00100094 T _init
001000ac t .udivsi3_skip_div0_test
001000ac T __aeabi_uidiv
001000ac 000001ec T __udivsi3
00100298 00000020 T __aeabi_uidivmod
001002b8 T __aeabi_idiv
001002b8 00000220 T __divsi3
001002c0 t .divsi3_skip_div0_test
001004d8 00000020 T __aeabi_idivmod
001004f8 00000004 W __aeabi_idiv0
001004f8 00000004 W __aeabi_ldiv0
001004fc T __aeabi_drsub
00100504 000002b0 T __aeabi_dsub
00100504 000002b0 T __subdf3
00100508 000002ac T __adddf3
00100508 000002ac T __aeabi_dadd
001007b4 00000024 T __aeabi_ui2d
001007b4 00000024 T __floatunsidf
001007d8 00000028 T __aeabi_i2d
001007d8 00000028 T __floatsidf
00100800 00000048 T __aeabi_f2d
00100800 00000048 T __extendsfdf2
00100848 00000074 T __aeabi_ul2d
00100848 00000074 T __floatundidf
0010085c 00000060 T __aeabi_l2d
0010085c 00000060 T __floatdidf
001008bc T __aeabi_ldivmod
00100990 T __aeabi_uldivmod
001009e8 00000390 T strcmp
00100d70 t __do_global_dtors_aux
00100db0 t frame_dummy
00100ddc 00000090 t strcatToConnConsole
00100e6c 00000038 t dynamicTextCreate
00100ea4 000000c4 t recvCompleteMessageFromSockTobuf
00100f68 00000174 t drawConnConsole
001010dc 000000b8 t sendMessageViaSocket
00101194 0000018c T fetchAndHandleControlList
00101320 000000e4 T fetchAndHandleLocoName
00101404 0000006c T returnCVCentre
00101470 00000108 T handleSettingCVForCurrentStruct
00101578 0000366c T main
00104be4 00000044 t C2Di_FrameEndHook
00104c28 0000036c T C2D_Init
00104f94 0000004c T C2D_Fini
00104fe0 000000b8 T C2D_Prepare
00105098 00000048 T C2D_Flush
001050e0 00000104 T C2D_SceneSize
001051e4 00000058 T C2D_CreateScreenTarget
0010523c 00000064 T C2D_TargetClear
001052a0 0000013c T C2Di_CalcQuad
001053dc 00000058 T C2Di_AppendQuad
00105434 00000040 T C2Di_AppendVtx
00105474 00000550 T C2Di_Update
001059c4 000002b0 T C2D_DrawImage
00105c74 00000158 T C2D_DrawRectangle
00105dcc 00000018 t C2Di_GlyphComp
00105de4 00000140 t C2Di_CalcLineWidths
00105f24 000001dc T C2D_TextBufNew
00106100 0000000c T C2D_TextBufClear
0010610c 000001c8 T C2D_TextFontParseLine
001062d4 000000a8 T C2D_TextFontParse
0010637c 00000014 T C2D_TextParse
00106390 00000030 T C2D_TextOptimize
001063c0 00000f6c T C2D_DrawText
0010732c 0000006c T C2D_SpriteSheetLoadFromHandle
00107398 00000048 T C2D_SpriteSheetLoad
001073e0 00000028 T C2D_SpriteSheetFree
00107408 0000002c T C2D_SpriteSheetGetImage
00107434 00000044 T C2D_FontGlyphIndexFromCodePoint
00107478 00000078 T C2D_FontCalcGlyphPos
001074f0 00000004 W C3Di_LightEnvUpdate
001074f4 00000004 W C3Di_LightEnvDirty
001074f8 000000b4 t C3Di_AptEventHook
001075ac 00000004 W C3Di_GasUpdate
001075b0 000001e0 T C3D_Init
00107790 00000098 T C3D_SetViewport
00107828 000004e8 T C3Di_UpdateContext
00107d10 000000e0 T C3Di_SplitFrame
00107df0 00000044 T C3D_Fini
00107e34 00000114 T C3D_BindProgram
00107f48 0000004c t onVBlank0
00107f94 0000004c t onVBlank1
00107fe0 00000080 t C3Di_RenderTargetDestroy
00108060 000000f4 t onQueueFinish
00108154 00000038 T C3Di_RenderQueueEnableVBlank
0010818c 00000030 T C3Di_RenderQueueDisableVBlank
001081bc 00000060 T C3Di_RenderQueueInit
0010821c 000000b0 T C3Di_RenderQueueExit
001082cc 00000034 T C3Di_RenderQueueWaitDone
00108300 000000e4 T C3D_FrameBegin
001083e4 00000048 T C3D_FrameDrawOn
0010842c 00000058 T C3D_FrameSplit
00108484 000001d8 T C3D_FrameEnd
0010865c 0000001c T C3D_FrameEndHook
00108678 00000184 T C3D_RenderTargetCreate
001087fc 000000a8 T C3D_RenderTargetSetOutput
001088a4 000000fc T C3D_SyncTextureCopy
001089a0 00000294 T C3D_TexInitWithParams
00108c34 000000c8 T C3D_TexLoadImage
00108cfc 00000044 T C3D_TexBind
00108d40 00000074 T C3D_TexDelete
00108db4 0000016c T C3Di_SetTex
00108f20 000003f4 t Tex3DSi_ImportCommon
00109314 00000038 T Tex3DS_TextureImportStdio
0010934c 0000001c T Tex3DS_GetSubTexture
00109368 00000004 T Tex3DS_TextureFree
0010936c 0000001c T C3D_CalcColorBufSize
00109388 0000001c T C3D_CalcDepthBufSize
001093a4 00000044 T C3D_SetFrameBuf
001093e8 0000016c T C3Di_FrameBufBind
00109554 000000c8 T C3D_FrameBufClear
0010961c 00000044 T C3D_FrameBufTransfer
00109660 00000034 T C3D_GetTexEnv
00109694 00000024 T C3Di_TexEnvBind
001096b8 00000218 T C3D_DrawElements
001098d0 00000070 T C3D_ProcTexInit
00109940 00000054 T C3D_ProcTexBind
00109994 0000005c T C3D_ProcTexLutBind
001099f0 000000a4 T ProcTexLut_FromArray
00109a94 0000017c T C3Di_ProcTexUpdate
00109c10 00000068 T C3Di_ProcTexDirty
00109c78 00000024 T BufInfo_Init
00109c9c 00000080 T BufInfo_Add
00109d1c 00000040 T C3D_SetBufInfo
00109d5c 00000048 T C3Di_BufInfoBind
00109da4 00000040 T C3D_DepthMap
00109de4 0000001c T C3D_CullFace
00109e00 00000040 T C3D_StencilTest
00109e40 00000024 T C3D_StencilOp
00109e64 0000001c T C3D_BlendingColor
00109e80 00000024 T C3D_EarlyDepthTest
00109ea4 0000002c T C3D_DepthTest
00109ed0 0000002c T C3D_AlphaTest
00109efc 00000050 T C3D_AlphaBlend
00109f4c 00000030 T C3D_FragOpMode
00109f7c 00000044 T C3D_FragOpShadow
00109fc0 000001ac T C3Di_EffectBind
0010a16c 00000028 T AttrInfo_Init
0010a194 00000094 T AttrInfo_AddLoader
0010a228 00000054 T C3D_SetAttrInfo
0010a27c 00000080 T C3Di_AttrInfoBind
0010a2fc 000000a8 T C3D_ImmSendAttrib
0010a3a4 00000280 T C3D_UpdateUniforms
0010a624 000000c0 T C3Di_DirtyUniforms
0010a6e4 000000d8 T C3Di_LoadShaderUniforms
0010a7bc 00000028 T C3Di_ClearShaderUniforms
0010a7e4 000000cc T Mtx_Ortho
0010a8b0 000000cc T Mtx_OrthoTilt
0010a97c 00000024 t addrMapNodeComparator(rbtree_node const*, rbtree_node const*)
0010a9a0 00000004 t addrMapNodeDestructor(rbtree_node*)
0010a9a4 00000250 T vramMemAlignAt
0010abf4 0000000c T vramAlloc
0010ac00 0000000c T vramAllocAt
0010ac0c 00000090 T vramFree
0010ac9c 00000024 t addrMapNodeComparator(rbtree_node const*, rbtree_node const*)
0010acc0 00000004 t addrMapNodeDestructor(rbtree_node*)
0010acc4 00000120 T linearMemAlign
0010ade4 00000008 T linearAlloc
0010adec 0000005c T linearFree
0010ae48 00000080 T MemPool::CoalesceRight(MemBlock*)
0010aec8 0000016c T MemPool::Allocate(MemChunk&, unsigned long, int)
0010b034 000000fc T MemPool::Deallocate(MemChunk const&)
0010b130 00000030 T MemPool::GetFreeSpace()
0010b160 00000008 t romfs_close
0010b168 000000c0 t romfs_seek
0010b228 00000024 t romfs_dirreset
0010b24c 000000c8 t fill_dir
0010b314 0000028c t romfs_dirnext
0010b5a0 00000084 t romfs_free
0010b624 000000d4 t searchForFile.constprop.0
0010b6f8 000000d8 t searchForDir.constprop.0
0010b7d0 000001c0 t navigateToDir.constprop.0
0010b990 0000010c t romfs_open
0010ba9c 0000004c t romfs_chdir
0010bae8 00000070 t romfs_diropen
0010bb58 00000174 t romfs_stat
0010bccc 00000008 t romfs_dirclose
0010bcd8 00000084 t romfs_fstat
0010bd5c 000000d0 t romfs_read
0010be2c 0000028c T romfsMountFromFile
0010c0b8 00000098 T romfsMountFromCurrentProcess
0010c150 00000260 T romfsMountSelf
0010c3b0 000000a0 T romfsUnmount
0010c450 00000074 T osConvertVirtToPhys
0010c4c4 00000054 T osGetTimeRef
0010c518 000000ec T osGetTime
0010c604 00000034 T __ctru_speedup_config
0010c638 00000094 T fontEnsureMapped
0010c6cc 00000100 T fontGlyphIndexFromCodePoint
0010c7cc 000001ec T fontCalcGlyphPos
0010c9b8 000000d0 t gfxPresentFramebuffer
0010ca88 0000001c T gfxIsWide
0010caa4 000000ec T gfxSetScreenFormat
0010cb90 000000e0 T gfxInit
0010cc70 00000010 T gfxInitDefault
0010cc80 000000b4 T gfxExit
0010cd34 000000a0 T gfxGetFramebuffer
0010cdd4 00000030 T gfxScreenSwapBuffers
0010ce04 000001d4 T shaderInstanceInit
0010cfd8 00000018 T shaderInstanceGetUniformLocation
0010cff0 0000001c T shaderProgramInit
0010d00c 00000064 T shaderProgramFree
0010d070 00000080 T shaderProgramSetVsh
0010d0f0 000008e0 T shaderProgramConfigure
0010d9d0 000001cc t DVLE_GenerateOutmap.part.0
0010db9c 000001b4 T DVLB_ParseFile
0010dd50 00000038 T DVLB_Free
0010dd88 00000074 T DVLE_GetUniformRegister
0010ddfc 00000010 T GX_BindQueue
0010de0c 00000078 T GX_ProcessCommandList
0010de84 00000074 T GX_MemoryFill
0010def8 00000070 T GX_DisplayTransfer
0010df68 00000074 T GX_TextureCopy
0010dfdc 00000068 t gxCmdQueueDoCommands.part.0
0010e044 000000c8 T gxCmdQueueInterrupt
0010e10c 0000004c T gxCmdQueueClear
0010e158 000000f8 T gxCmdQueueAdd
0010e250 00000080 T gxCmdQueueRun
0010e2d0 00000060 T gxCmdQueueStop
0010e330 00000074 T gxCmdQueueWait
0010e3a4 0000013c T GPUCMD_Add
0010e4e0 000000b0 T GPUCMD_Split
0010e590 00000034 T f32tof16
0010e5c4 00000034 T f32tof24
0010e5f8 00000038 T f32tof31
0010e630 00000c58 t gspHardwareInit
0010f288 00000248 T gspInit
0010f4d0 000000f0 T gspExit
0010f5c0 00000010 T gspHasGpuRight
0010f5d0 000000a0 T gspPresentBuffer
0010f670 00000030 T gspSetEventCallback
0010f6a0 00000044 T gspWaitForEvent
0010f6e4 0000004c T gspWaitForAnyEvent
0010f730 00000158 t gspEventThreadMain
0010f888 00000130 T gspSubmitGxCommand
0010f9b8 00000050 T GSPGPU_FlushDataCache
0010fa08 00000034 T GSPGPU_SetLcdForceBlack
0010fa3c 00000068 T GSPGPU_AcquireRight
0010faa4 00000048 T GSPGPU_ReleaseRight
0010faec 0000007c T GSPGPU_ImportDisplayCaptureInfo
0010fb68 0000002c T GSPGPU_SaveVramSysArea
0010fb94 0000002c T GSPGPU_RestoreVramSysArea
0010fbc0 000001a4 t aptConvertScreenForCapture
0010fd64 00000008 W aptDspSleep
0010fd6c 00000004 W aptDspWakeup
0010fd70 00000004 W aptDspCancel
0010fd74 00000158 T aptSendCommand
0010fed0 00000044 t aptExitProcess
0010ff14 000002f4 T aptExit
00110208 000000e0 T aptHandleSleep
001102e8 00000030 T aptHook
00110318 00000030 T aptUnhook
00110348 0000001c T aptSetMessageCallback
00110364 00000084 T APT_SleepIfShellClosed
001103e8 00000084 T aptSetSleepAllowed
0011046c 00000084 T APT_UnlockTransition
001104f0 000004a4 t aptEventHandler
00110994 000000b0 T APT_ReceiveParameter
00110a44 000000b0 t aptReceiveParameter.constprop.0
00110af8 000002ac t aptScreenTransfer
00110da4 00000344 t aptWaitForWakeUp.isra.0
001110e8 0000011c T aptLaunchLibraryApplet
00111208 00000100 T aptJumpToHomeMenu
00111308 00000048 T aptMainLoop
00111350 0000022c T aptInit
0011157c 0000005c T APT_SendParameter
001115d8 0000007c T APT_CheckNew3DS
00111654 00000048 T APT_GetSharedFont
0011169c 00000024 W hidShouldUseIrrst
001116c0 0000018c T hidInit
0011184c 000000e8 T hidExit
00111934 000002a4 T hidScanInput
00111bd8 00000010 T hidKeysHeld
00111be8 00000010 T hidKeysDown
00111bf8 00000010 T hidKeysUp
00111c08 00000018 T hidTouchRead
00111c20 00000074 T ptmSysmInit
00111c94 0000003c T ptmSysmExit
00111cd0 00000034 T PTMSYSM_ConfigureNew3DSCPU
00111d04 000000cc T fsInit
00111dd0 0000003c T fsExit
00111e0c 00000060 T fsExemptFromSession
00111e6c 00000050 T fsUnexemptFromSession
00111ebc 000000cc T FSUSER_OpenFile
00111f88 000000d4 T FSUSER_OpenFileDirectly
0011205c 000000bc T FSUSER_DeleteFile
00112118 000000f8 T FSUSER_RenameFile
00112210 000000bc T FSUSER_DeleteDirectory
001122cc 000000d4 T FSUSER_CreateFile
001123a0 000000c4 T FSUSER_CreateDirectory
00112464 000000f8 T FSUSER_RenameDirectory
0011255c 000000b4 T FSUSER_OpenDirectory
00112610 00000098 T FSUSER_OpenArchive
001126a8 0000008c T FSUSER_CloseArchive
00112734 00000074 T FSUSER_GetSdmcArchiveResource
001127a8 00000064 T FSUSER_IsSdmcWritable
0011280c 00000058 T FSFILE_Read
00112864 00000060 T FSFILE_Write
001128c4 0000003c T FSFILE_GetSize
00112900 00000028 T FSFILE_SetSize
00112928 0000003c T FSFILE_Close
00112964 00000024 T FSFILE_Flush
00112988 00000050 T FSDIR_Read
001129d8 0000003c T FSDIR_Close
00112a14 00000024 T inet_addr
00112a38 0000014c T socket
00112b84 00000020 T recv
00112ba4 00000174 T connect
00112d18 0000003c T _net_convert_error
00112d54 000001a8 T inet_aton
00112efc 00000014 t soc_open
00112f10 00000034 t soc_read
00112f44 00000034 t soc_write
00112f78 0000008c t soc_close
00113004 0000014c T socInit
00113150 00000140 T socuipc_cmd7
00113290 0000015c T socuipc_cmd8
001133ec 00000024 T soc_recvfrom
00113410 000000a8 T recvfrom
001134b8 00000158 T socuipc_cmd9
00113610 0000015c T socuipc_cmda
0011376c 00000024 T soc_sendto
00113790 000000a8 T sendto
00113838 00000020 T send
00113858 00000178 t swkbdMessageCallback
001139d0 00000078 T swkbdInit
00113a48 00000038 T swkbdSetFeatures
00113a80 00000008 T swkbdSetInitialText
00113a88 000003a4 T swkbdInputText
00113e2c 000000c4 t buffer_read
00113ef0 000000d0 t iov_read
00113fc0 00000138 t iov_memmove
001140f8 000001dc t decompress_rle
001142d4 00000244 t decompress_lzss
00114518 00000424 t decompress_lz11
0011493c 000002d8 t decompress_huff
00114c14 00000010 T decompressCallback_Stdio
00114c24 000000dc T decompressHeader
00114d00 00000240 T decompressV
00114f40 00000010 T rbtree_init
00114f50 000001b4 t do_insert
00115104 00000008 T rbtree_insert
0011510c 00000090 T rbtree_rotate
0011519c 00000318 T rbtree_remove
001154b4 00000074 T rbtree_find
00115528 000000e8 T utf16_to_utf8
00115610 00000064 T decode_utf16
00115674 0000013c T decode_utf8
001157b0 000000c0 T utf8_to_utf16
00115870 000001e0 W __system_allocateHeaps
00115a50 00000038 W __libctru_init
00115a88 00000170 W __system_initArgv
00115bf8 T svcControlMemory
00115c18 T svcQueryMemory
00115c48 T svcExitProcess
00115c50 T svcCreateThread
00115c70 T svcExitThread
00115c78 T svcSleepThread
00115c80 T svcReleaseMutex
00115c88 T svcCreateEvent
00115c9c T svcSignalEvent
00115ca4 T svcClearEvent
00115cac T svcCreateMemoryBlock
00115cc4 T svcMapMemoryBlock
00115ccc T svcUnmapMemoryBlock
00115cd4 T svcCreateAddressArbiter
00115ce8 T svcArbitrateAddressNoTimeout
00115cf0 T svcCloseHandle
00115cf8 T svcWaitSynchronization
00115d00 T svcWaitSynchronizationN
00115d28 T svcDuplicateHandle
00115d3c T svcGetSystemTick
00115d44 T svcConnectToPort
00115d58 T svcSendSyncRequest
00115d60 T svcGetResourceLimit
00115d74 T svcGetResourceLimitLimitValues
00115d7c T svcGetResourceLimitCurrentValues
00115d84 T svcBreak
00115d8c W initSystem
00115ddc W __ctru_exit
00115df4 T __aeabi_read_tp
00115e00 0000000c T __sync_init
00115e0c 00000018 T __sync_fini
00115e24 0000002c T syncArbitrateAddress
00115e50 000000b0 T LightLock_Lock
00115f00 00000040 T LightLock_Unlock
00115f40 00000024 T RecursiveLock_Init
00115f64 00000030 T RecursiveLock_Lock
00115f94 00000054 T RecursiveLock_Unlock
00115fe8 00000040 T LightEvent_Init
00116028 000000a4 T LightEvent_Clear
001160cc 000000c8 T LightEvent_Signal
00116194 00000050 T LightEvent_TryWait
001161e4 000000b0 T LightEvent_Wait
00116294 00000084 W envGetHandle
00116318 00000050 W envDestroyHandles
00116368 00000130 T srvInit
00116498 00000058 T srvExit
001164f0 000000a0 T srvGetServiceHandleDirect
00116590 00000038 T srvGetServiceHandle
001165c8 00000038 T srvPublishToSubscriber
00116600 00000178 T threadCreate
00116778 0000002c T threadFree
001167a4 00000024 T threadJoin
001167c8 00000030 T threadGetCurrent
001167f8 00000040 T threadExit
00116838 00000020 t _thread_begin
00116858 000000b4 t mappableFindAddressWithin
0011690c 00000028 T mappableInit
00116934 00000080 T mappableAlloc
001169b4 00000004 T mappableFree
001169b8 00000164 T irrstInit
00116b1c 000000cc T irrstExit
00116be8 000000b4 T irrstScanInput
00116c9c 00000024 T irrstKeysHeld
00116cc0 0000000c T srvPmGetSessionHandle
00116ccc 0000005c T rbtree_node_next
00116d28 00000054 T encode_utf16
00116d7c 000000e0 T encode_utf8
00116e5c 00000030 W __appInit
00116e8c 00000030 T __syscall_getreent
00116ebc 00000074 T __syscall_gettod_r
00116f30 00000004 T __syscall_lock_acquire
00116f34 00000004 T __syscall_lock_release
00116f38 00000004 T __syscall_lock_init_recursive
00116f3c 00000004 T __syscall_lock_acquire_recursive
00116f40 00000004 T __syscall_lock_release_recursive
00116f44 00000004 T __syscall_exit
00116f48 00000050 T initThreadVars
00116f98 00000068 T __system_initSyscalls
00117000 00000030 W __appExit
00117030 00000090 W __libctru_exit
001170c0 00000014 t archive_link
001170d4 00000014 t archive_dirreset
001170e8 00000014 t archive_chmod
001170fc 00000024 t error_cmp
00117120 00000050 t archive_translate_error
00117170 000000c8 t archive_seek
00117238 0000007c t _archiveInit.part.0
001172b4 000000c4 t archiveFindDevice.part.0
00117378 0000025c t archive_utf16path
001175d4 000000a0 t _archiveUnmountDeviceStruct.part.0
00117674 00000014 t archive_fchmod
00117688 00000014 t archive_statvfs
0011769c 00000164 t _archiveMountDevice
00117800 000000e8 t archive_diropen
001178e8 000000a4 t archive_fstat
0011798c 0000006c t archive_close
001179f8 0000006c t archive_fsync
00117a64 00000070 t archive_dirclose
00117ad4 000000e8 t sdmc_statvfs
00117bbc 000000ec t archive_chdir
00117ca8 0000007c t archive_ftruncate
00117d24 000000ac t archive_read
00117dd0 000000a4 t archive_unlink
00117e74 000000bc t archive_rmdir
00117f30 000000dc t archive_mkdir
0011800c 0000019c t archive_stat
001181a8 0000015c t archive_dirnext
00118304 000000ec t archive_write
001183f0 000001d4 t archive_open
001185c4 00000278 t archive_rename
0011883c 0000019c T archiveMountSdmc
001189d8 00000054 T archiveUnmountAll
00118a30 0000022c T cosf
00118c5c 00000024 t with_errnof
00118c80 0000001c T __math_invalidf
00118c9c 000000b8 T ceilf
00118d58 0000024c T sinf
00118fa4 00000120 T __udivmoddi4
001190c4 00000008 T atof
001190cc 00000078 T bsearch
00119144 00000020 T calloc
00119164 000000c0 T _calloc_r
00119224 0000000c T __errno
00119230 00000034 T exit
00119264 0000015c T _fclose_r
001193c0 00000018 T fclose
001193d8 00000234 T __sflush_r
0011960c 00000094 T _fflush_r
001196a0 00000038 T fflush
001196d8 0000000c T _cleanup_r
001196e4 00000184 T __sinit
00119868 00000134 T __sfp
0011999c 0000000c T __sfp_lock_acquire
001199a8 0000000c T __sfp_lock_release
001199b4 0000003c T __libc_fini_array
001199f0 00000134 T _fopen_r
00119b24 00000020 T fopen
00119b44 000002d0 T _fread_r
00119e14 00000038 T fread
00119e4c 000000f8 T _malloc_trim_r
00119f44 000002e8 T _free_r
0011a22c 0000001c T _fseek_r
0011a248 00000590 T _fseeko_r
0011a7d8 00000068 T _fwalk
0011a840 00000070 T _fwalk_reent
0011a8b0 00000084 T __libc_init_array
0011a934 00000138 T __smakebuf_r
0011aa6c 0000008c T __swhatbuf_r
0011aaf8 00000020 T memalign
0011ab18 0000014c T _memalign_r
0011ac64 00000018 T malloc
0011ac7c 00000018 T free
0011ac94 000007e4 T _malloc_r
0011b478 000000b0 T memcmp
0011b528 00000118 T memcpy
0011b640 00000150 T memmove
0011b790 000000f4 T memset
0011b884 0000000c T __malloc_lock
0011b890 0000000c T __malloc_unlock
0011b89c 00000034 T printf
0011b8d0 000000e0 T _puts_r
0011b9b0 00000018 T puts
0011b9c8 00000a04 T qsort
0011c3cc 000004a0 T _realloc_r
0011c86c 0000001c t lflush
0011c888 00000198 T __srefill_r
0011ca20 0000025c T setvbuf
0011cc7c 00000064 T sprintf
0011cce0 00000044 T __sread
0011cd24 00000068 T __swrite
0011cd8c 00000044 T __sseek
0011cdd0 00000008 T __sclose
0011cdd8 00000070 T stpcpy
0011ce48 00000070 T strcat
0011ceb8 00000130 T strchr
0011cfe8 000000f0 T strcpy
0011d0d8 00000018 T strdup
0011d0f0 00000044 T _strdup_r
0011d134 0000005c T strlen
0011d190 000000e4 T strncat
0011d274 000000e4 T strncmp
0011d358 000000c4 T strncpy
0011d41c 00000048 T strnlen
0011d464 00000128 t critical_factorization
0011d58c 00000364 t two_way_long_needle
0011d8f0 00000248 T strstr
0011db38 00000064 t sulp
0011dba0 000013a8 T _strtod_l
0011ef48 00000028 T strtod
0011ef70 0000002c T strtok
0011ef9c 000000b4 T __strtok_r
0011f050 00000008 T strtok_r
0011f058 000001c4 t _strtoul_l.constprop.0
0011f21c 00000028 T strtoul
0011f244 0000066c t get_arg
0011f8b0 00003334 T _svfprintf_r
00122be4 00000018 T close
00122bfc 0000003c T time
00122c38 0000066c t get_arg
001232a8 0000339c T _vfprintf_r
00126644 000000d0 t __sbprintf
00126714 00000054 T _wcrtomb_r
00126768 00000028 T _wcsrtombs_r
00126790 0000013c T __swsetup_r
001268cc 00000114 T __call_exitprocs
001269e0 000001b0 t quorem
00126b90 000011f8 T _dtoa_r
00127d88 000000c8 T __sflags
00127e50 000004b4 T __sfvwrite_r
00128304 000000f0 t rshift
001283f4 00000814 T __gethex
00128c08 0000004c T __match
00128c54 0000029c T __hexnan
00128ef0 0000000c T _localeconv_r
00128efc 00000010 T __locale_mb_cur_max
00128f0c 000002f8 T __utf8_mbtowc
00129204 000000e4 T memchr
001292e8 00000088 T _Balloc
00129370 0000001c T _Bfree
0012938c 000000f4 T __multadd
00129480 00000110 T __s2b
00129590 00000060 T __hi0bits
001295f0 0000009c T __lo0bits
0012968c 000000a8 T __i2b
00129734 00000204 T __multiply
00129938 00000124 T __pow5mult
00129a5c 00000140 T __lshift
00129b9c 00000058 T __mcmp
00129bf4 000001ec T __mdiff
00129de0 00000068 T __ulp
00129e48 000000d0 T __b2d
00129f18 00000120 T __d2b
0012a038 00000078 T __ratio
0012a0b0 00000088 T __copybits
0012a138 0000005c T __any_on
0012a198 00000088 T frexp
0012a220 00000010 T nan
0012a230 00000188 T __ssprint_r
0012a3b8 0000066c t get_arg
0012aa24 00000030 T __sprint_r
0012aa54 000022ec T _vfiprintf_r
0012cd40 000000d0 t __sbprintf
0012ce10 00000188 T _wcsnrtombs_l
0012cf98 0000004c T _wcsnrtombs_r
0012cfe4 000000f0 T __utf8_wctomb
0012d0d4 0000005c T __assert_func
0012d130 0000003c T fiprintf
0012d16c 00000014 T abort
0012d180 00000090 T _raise_r
0012d210 00000018 T raise
0012d228 00000008 t null_write
0012d230 00000018 T setDefaultDevice
0012d248 000000c8 T FindDevice
0012d310 00000028 T RemoveDevice
0012d338 0000009c T AddDevice
0012d3d4 00000020 T GetDeviceOpTab
0012d3f4 00000078 T _fstat_r
0012d46c 00000014 T _getpid_r
0012d480 00000030 T _gettimeofday_r
0012d4b0 00000008 T _isatty_r
0012d4b8 00000014 T _kill_r
0012d4cc 00000084 T _lseek_r
0012d550 000000c0 T _open_r
0012d610 00000080 T _read_r
0012d690 00000078 T _sbrk_r
0012d708 00000080 T _write_r
0012d788 00000020 T _exit
0012d7a8 000001a4 T _concatenate_path
0012d94c 00000140 T chdir
0012da8c 00000008 T __flockfile
0012da94 00000008 T __funlockfile
0012da9c 0000008c T __release_handle
0012db28 000000b0 T __alloc_handle
0012dbd8 0000003c T __get_handle
0012dc14 000000f4 T _close_r
0012dd08 0000002c T __getreent
0012dd34 0000001c T __libc_lock_acquire
0012dd50 0000001c T __libc_lock_release
0012dd6c 0000001c T __libc_lock_init_recursive
0012dd88 0000001c T __libc_lock_acquire_recursive
0012dda4 0000001c T __libc_lock_release_recursive
0012ddc0 0000001c T __libc_lock_close_recursive
0012dddc 00000038 T __aeabi_d2lz
0012dddc 00000038 T __fixdfdi
0012de18 00000040 T __aeabi_d2ulz
0012de18 00000040 T __fixunsdfdi
0012de58 00000048 T strrchr
0012dea0 T _fini
0012e5f0 00000008 r s_defaultTint.0
0012e5fc R render2d_shbin
0012e788 R render2d_shbin_end
0012e788 R render2d_shbin_size
0012e78c 00000038 r CSWTCH.19
0012e7c4 00000005 r colorFmtSizes
0012e7cc 00000004 r depthFmtSizes
0012e7d0 00000010 r CSWTCH.9
0012e804 00000070 r romFS_devoptab
0012e898 00000008 r morton_y.2
0012e8a0 00000008 r morton_x.3
0012e8a8 00000008 r s_sleepWakeEvents.4
0012e8e8 0000004d r _net_error_code_map
0012e940 00000014 r swkbdFeatures
0012e984 00000030 r error_table
0012e9bc 00000070 r archive_devoptab
0012ea2c 00000060 R __inv_pio4
0012ea90 000000e0 R __sincosf_table
0012eb70 00000101 R _ctype_
0012ec74 00000004 R _global_impure_ptr
0012ec88 00000014 r fpinan.0
0012ec9c 00000014 r fpi.1
0012ecb0 00000028 r tinytens
0012ed14 00000010 r zeroes.0
0012ed24 00000010 r blanks.1
0012ed34 00000010 r zeroes.0
0012ed44 00000010 r blanks.1
0012ed64 r .LC2
0012ee14 00000100 R __hexdig
0012efa4 0000000c r p05.0
0012efb0 00000028 R __mprec_bigtens
0012efd8 000000c8 R __mprec_tens
0012f0a0 0000006c R __action_table
0012f10c 0000006c R __state_table
0012f178 00000100 R __chclass
0012f278 00000010 r zeroes.0
0012f288 00000010 r blanks.1
0012f2d8 00000070 R dotab_stdnull
0012f348 R __tdata_align
0012f34c r 
0012f34c R __exidx_end
0012f34c R __exidx_start
00130000 00000004 D cvListSize
00130004 00000004 D CV_SCR_LIST_SPIRTE_Y
00130008 00000004 D testCVListBasePointer
0013000c 0000003c D topUISpriteList
00130048 0000006c D botUISpriteList
001300b4 00000001 D canUpScroll
001300b5 00000001 D canDnScroll
001300b8 0000000f D targetIPAddress
001300c8 00000004 d framerate
001300cc 00000008 d framerateCounter
001300d4 00000004 d queueLock
001300d8 00000004 d kCount
001300dc 00000004 d kInterval
001300e0 00000004 d kDelay
001300e4 00000070 d soc_devoptab
00130154 W __stacksize__
00130158 00000004 D _impure_ptr
00130160 00000460 d impure_data
001305c0 00000004 D __malloc_sbrk_base
001305c4 00000004 D __malloc_trim_threshold
001305c8 00000408 D __malloc_av_
001309d0 0000016c D __global_locale
00130b3c 0000008c D devoptab_list
00130bc8 00000004 d defaultDevice
00130bcc 00000400 d _current_working_directory
00130fcc 00001000 d handles
00131fcc 0000000c d __stderr_handle
00131fd8 0000000c d __stdout_handle
00131fe4 0000000c d __stdin_handle
00131ff8 d _GLOBAL_OFFSET_TABLE_
00132004 d __frame_dummy_init_array_entry
00132004 D __init_array_start
00132004 B __preinit_array_end
00132004 B __preinit_array_start
00132004 D __tdata_lma
00132004 D __tdata_lma_end
00132008 d __do_global_dtors_aux_fini_array_entry
00132008 D __fini_array_start
00132008 D __init_array_end
0013200c D __bss_start__
0013200c D __fini_array_end
0013200c 00000100 B connConsoleString
0013210c 00000004 B gDynamicTextBuffer
00132110 00000004 B sock
00132114 00000004 B bot
00132118 00000001 b networkingConnected
0013211c 00000004 B currentAxisControl
00132120 00000004 B currentPBControl
00132124 00000001 b configCVIsAxis
00132128 00000024 B cpadVertAxis
0013214c 00000024 B cpadHoriAxis
00132170 00000024 B dpadVertAxis
00132194 00000024 B dpadHoriAxis
001321b8 00000024 B lPushbutton
001321dc 00000024 B rPushbutton
00132200 00000024 B aPushbutton
00132224 00000024 B bPushbutton
00132248 00000024 B xPushbutton
0013226c 00000024 B yPushbutton
00132290 00000004 b SOC_buffer
00132294 00000004 b topScrSpriteSheet
00132298 00000004 b botScrSpriteSheet
0013229c 00000294 b topScrUISprites
00132530 000004a4 b botScrUISprites
001329d4 00000004 B gStaticTextBuffer
001329d8 0000001c B gStaticText
001329f4 00000001 b currentControlState
001329f8 00012800 B cvList
001451f8 00004002 B buf
001491fa b completed.1
001491fc b object.0
00149218 000005a8 B __C2Di_Context
001497c0 00000040 b s_projBot
00149800 00000040 b s_projTop
00149840 00000004 b uLoc_mdlvMtx
00149844 00000004 b uLoc_projMtx
00149848 00000004 b s_glyphSheets
0014984c 00000004 b s_textScale
00149850 000002d0 B __C3D_Context
00149b20 0000000c b hookCookie
00149b30 00000010 b cpuTime
00149b40 00000004 b firstTarget
00149b44 00000008 b frameCounter
00149b4c 00000004 b frameEndCb
00149b50 00000004 b frameEndCbData
00149b58 00000010 b gpuTime
00149b68 00000001 b inFrame
00149b69 00000001 b inSafeTransfer
00149b6a 00000001 b isTopStereo
00149b6c 00000004 b lastTarget
00149b70 0000000c b linkedTarget
00149b7c 00000001 b measureGpuTime
00149b7d 00000001 b needSwapBot
00149b7e 00000001 b needSwapTop
00149b80 00000004 B C3D_BoolUnifs
00149b84 00000002 B C3D_BoolUnifsDirty
00149b88 00000c00 B C3D_FVUnif
0014a788 000000c0 B C3D_FVUnifDirty
0014a848 00000020 B C3D_IVUnif
0014a868 00000008 B C3D_IVUnifDirty
0014a870 000000c0 b C3Di_FVUnifEverDirty
0014a930 00000008 b C3Di_IVUnifEverDirty
0014a938 00000018 b C3Di_ShaderFVecData
0014a950 00000008 b sVramPoolB
0014a958 00000008 b sVramPoolA
0014a960 0000000c b sAddrMap
0014a970 00000008 b sLinearPool
0014a978 0000000c b sAddrMap
0014a984 00000004 b romfs_mount_list
0014a988 00000004 V __romfs_path
0014a98c 00000001 V __ctru_speedup
0014a990 00000004 b sharedFontAddr
0014a994 00000004 B g_sharedFont
0014a998 00000004 b screenAlloc
0014a99c 00000004 b screenFree
0014a9a0 00000002 b gfxIsDoubleBuf
0014a9a4 00000002 b gfxCurBuf
0014a9a6 00000001 b gfxIsVram
0014a9a7 00000001 b gfxTopMode
0014a9a8 00000002 b gfxFramebufferFormats
0014a9ac 00000004 b gfxBottomFramebufferMaxSize
0014a9b0 00000004 b gfxTopFramebufferMaxSize
0014a9b8 00000008 b gfxBottomFramebuffers
0014a9c0 00000008 b gfxTopFramebuffers
0014a9c8 00000004 b boundQueue
0014a9cc 00000001 b shouldStop
0014a9cd 00000001 b isRunning
0014a9ce 00000001 b isActive
0014a9d0 00000004 b curQueue
0014a9d4 00000004 B gpuCmdBufOffset
0014a9d8 00000004 B gpuCmdBufSize
0014a9dc 00000004 B gpuCmdBuf
0014a9e0 00000007 b gspEventCbOneShot
0014a9e8 0000001c b gspEventCbData
0014aa04 0000001c b gspEventCb
0014aa20 00000038 b gspEvents
0014aa58 00000004 b gspLastEvent
0014aa5c 00000001 b gspRunEvents
0014aa60 00000004 b gspEventThread
0014aa64 00000004 b gspEvent
0014aa68 00000001 b gspGpuRight
0014aa69 00000001 b gspThreadId
0014aa6c 00000004 b gspSharedMem
0014aa70 00000004 b gspSharedMemHandle
0014aa74 00000004 b gspRefCount
0014aa78 00000004 b gspGpuHandle
0014aa7c 00000001 b flagValue.0
0014aa7d 00000001 b flagInit.1
0014aa80 00000004 b serviceName.6
0014aa84 00000001 b aptChainloadMediatype
0014aa88 00000008 b aptChainloadTid
0014aa90 00000001 b aptChainloadFlags
0014aa94 00001000 b aptParameters
0014ba94 00000004 b aptFlags
0014ba98 00000001 b aptHomeButtonState
0014ba9c 00000004 b aptMessageFuncData
0014baa0 00000004 b aptMessageFunc
0014baa4 0000000c b aptFirstHook
0014bab0 00000001 b aptEventHandlerThreadQuit
0014bab4 00000004 b aptEventHandlerThread
0014bab8 00000008 b aptSleepEvent
0014bac0 00000008 b aptReceiveEvent
0014bac8 00000008 b aptEvents
0014bad0 00000004 b aptLockHandle
0014bad4 00000004 b aptRefCount
0014bad8 00000001 b usingIrrst
0014badc 00000004 b hidRefCount
0014bae0 00000006 b gRate
0014bae8 00000006 b aVec
0014baf0 00000004 b cPos
0014baf4 00000004 b tPos
0014baf8 00000004 b kRepeat
0014bafc 00000004 b kUp
0014bb00 00000004 b kDown
0014bb04 00000004 b kHeld
0014bb08 00000004 b kOld
0014bb0c 00000004 B hidSharedMem
0014bb10 00000014 B hidEvents
0014bb24 00000004 B hidMemHandle
0014bb28 00000004 B hidHandle
0014bb2c 00000004 b ptmSysmRefCount
0014bb30 00000004 b ptmSysmHandle
0014bb38 00000080 b fsExemptArchives
0014bbb8 00000004 b fsuRefCount
0014bbbc 00000004 b fsuHandle
0014bbc0 00000004 B socMemhandle
0014bbc4 00000004 B SOCU_handle
0014bbc8 00000004 b swkbdSharedMemHandle
0014bbcc 00000004 b swkbdSharedMem
0014bbd0 00000004 V __ctru_linear_heap_size
0014bbd4 00000004 V __ctru_heap_size
0014bbd8 00000004 B __ctru_linear_heap
0014bbdc 00000004 B __ctru_heap
0014bbe0 00000004 B __system_retAddr
0014bbe4 00000004 B __system_argv
0014bbe8 00000004 B __system_argc
0014bbec b saved_stack
0014bbf4 00000004 b arbiter
0014bbf8 00000004 B __3dslink_host
0014bbfc 00000004 b srvRefCount
0014bc00 00000004 b srvHandle
0014bc04 00000004 b currentAddr
0014bc08 00000004 b maxAddr
0014bc0c 00000004 b minAddr
0014bc10 00000004 b irrstRefCount
0014bc14 00000004 b csPos
0014bc18 00000004 b kHeld
0014bc1c 00000004 B irrstSharedMem
0014bc20 00000004 B irrstEvent
0014bc24 00000004 B irrstMemHandle
0014bc28 00000004 B irrstHandle
0014bc2c 00000004 b srvPmHandle
0014bc30 00000540 b archive_devices
0014c170 00000004 b archive_device_cwd
0014c174 00000001 b archive_initialized
0014c178 0000000c b __sinit_recursive_mutex
0014c184 0000000c b __sfp_recursive_mutex
0014c190 00000028 B __malloc_current_mallinfo
0014c1b8 00000004 B __malloc_max_total_mem
0014c1bc 00000004 B __malloc_max_sbrked_mem
0014c1c0 00000004 B __malloc_top_pad
0014c1c4 0000000c b __malloc_recursive_mutex
0014c1d0 0000000c B __atexit_recursive_mutex
0014c1dc 00000004 b heap_start.0
0014c1e0 00000004 B fake_heap_start
0014c1e4 00000004 B fake_heap_end
0014c1e8 00000400 b temp_cwd
0014c5e8 00000004 b __hndl_lock
0014c5ec B __tls_start
0014d1f4 B __bss_end__
0014d1f4 A __end__
0014d1f4 B __tls_end
